<?xml version="1.0" encoding="UTF-8"?>
<!-- Generated by org.testng.reporters.JUnitXMLReporter -->
<testsuite ignored="0" hostname="MacBook-Pro-de-Julius.local" failures="0" tests="4" name="Billing test" time="6.781" errors="0" timestamp="2024-12-16T20:30:10 GMT">
  <testcase classname="com.example.Billing" name="login" time="1.956"/>
  <testcase classname="com.example.Billing" name="addToBasket" time="0.203"/>
  <testcase classname="com.example.Billing" name="validBasket" time="2.486"/>
  <testcase classname="com.example.Billing" name="logout" time="0.715"/>
</testsuite> <!-- Billing test -->
