<?xml version="1.0" encoding="UTF-8"?>
<testng-results ignored="0" total="5" passed="5" failed="0" skipped="0">
  <reporter-output>
  </reporter-output>
  <suite started-at="2024-12-16T20:29:59 GMT" name="Selenium Test Suite" finished-at="2024-12-16T20:30:10 GMT" duration-ms="10900">
    <groups>
    </groups>
    <test started-at="2024-12-16T20:29:59 GMT" name="Login Test 1" finished-at="2024-12-16T20:30:03 GMT" duration-ms="4060">
      <class name="com.example.LoginClass">
        <test-method is-config="true" signature="setup()[pri:0, instance:com.example.LoginClass@72035809]" started-at="2024-12-16T20:29:59 GMT" name="setup" finished-at="2024-12-16T20:30:01 GMT" duration-ms="1860" status="PASS">
          <reporter-output>
          </reporter-output>
        </test-method> <!-- setup -->
        <test-method signature="login(java.lang.String,java.lang.String)[pri:0, instance:com.example.LoginClass@72035809]" started-at="2024-12-16T20:30:01 GMT" name="login" finished-at="2024-12-16T20:30:03 GMT" duration-ms="2052" status="PASS">
          <params>
            <param index="0">
              <value>
                <![CDATA[standard_user]]>
              </value>
            </param>
            <param index="1">
              <value>
                <![CDATA[secret_sauce]]>
              </value>
            </param>
          </params>
          <reporter-output>
          </reporter-output>
        </test-method> <!-- login -->
        <test-method is-config="true" signature="turnDown()[pri:0, instance:com.example.LoginClass@72035809]" started-at="2024-12-16T20:30:03 GMT" name="turnDown" finished-at="2024-12-16T20:30:03 GMT" duration-ms="113" status="PASS">
          <reporter-output>
          </reporter-output>
        </test-method> <!-- turnDown -->
      </class> <!-- com.example.LoginClass -->
    </test> <!-- Login Test 1 -->
    <test started-at="2024-12-16T20:30:03 GMT" name="Billing test" finished-at="2024-12-16T20:30:10 GMT" duration-ms="6781">
      <class name="com.example.Billing">
        <test-method is-config="true" signature="setup()[pri:0, instance:com.example.Billing@6d60fe40]" started-at="2024-12-16T20:30:03 GMT" name="setup" finished-at="2024-12-16T20:30:04 GMT" duration-ms="1297" status="PASS">
          <reporter-output>
          </reporter-output>
        </test-method> <!-- setup -->
        <test-method signature="login(java.lang.String,java.lang.String)[pri:0, instance:com.example.Billing@6d60fe40]" started-at="2024-12-16T20:30:04 GMT" name="login" finished-at="2024-12-16T20:30:06 GMT" duration-ms="1956" status="PASS">
          <params>
            <param index="0">
              <value>
                <![CDATA[standard_user]]>
              </value>
            </param>
            <param index="1">
              <value>
                <![CDATA[secret_sauce]]>
              </value>
            </param>
          </params>
          <reporter-output>
          </reporter-output>
        </test-method> <!-- login -->
        <test-method signature="addToBasket()[pri:0, instance:com.example.Billing@6d60fe40]" started-at="2024-12-16T20:30:06 GMT" name="addToBasket" finished-at="2024-12-16T20:30:07 GMT" duration-ms="203" status="PASS">
          <reporter-output>
          </reporter-output>
        </test-method> <!-- addToBasket -->
        <test-method signature="validBasket(java.lang.String,java.lang.String,java.lang.String)[pri:0, instance:com.example.Billing@6d60fe40]" started-at="2024-12-16T20:30:07 GMT" name="validBasket" finished-at="2024-12-16T20:30:09 GMT" duration-ms="2486" status="PASS">
          <params>
            <param index="0">
              <value>
                <![CDATA[Julius]]>
              </value>
            </param>
            <param index="1">
              <value>
                <![CDATA[seth kadmiel]]>
              </value>
            </param>
            <param index="2">
              <value>
                <![CDATA[ABATTA 220 Log]]>
              </value>
            </param>
          </params>
          <reporter-output>
          </reporter-output>
        </test-method> <!-- validBasket -->
        <test-method signature="logout()[pri:0, instance:com.example.Billing@6d60fe40]" started-at="2024-12-16T20:30:09 GMT" name="logout" finished-at="2024-12-16T20:30:10 GMT" duration-ms="715" status="PASS">
          <reporter-output>
          </reporter-output>
        </test-method> <!-- logout -->
        <test-method is-config="true" signature="teardown()[pri:0, instance:com.example.Billing@6d60fe40]" started-at="2024-12-16T20:30:10 GMT" name="teardown" finished-at="2024-12-16T20:30:10 GMT" duration-ms="113" status="PASS">
          <reporter-output>
          </reporter-output>
        </test-method> <!-- teardown -->
      </class> <!-- com.example.Billing -->
    </test> <!-- Billing test -->
  </suite> <!-- Selenium Test Suite -->
</testng-results>
